<?xml version="1.0" encoding="UTF-8"?>
<!-- Generated by org.testng.reporters.JUnitReportReporter -->
<testsuite hostname="DESKTOP-AUGHFJE" failures="0" tests="6" name="test.TestClass1" time="0.023" errors="0" timestamp="2023-04-22T15:15:21 IST" skipped="0">
  <testcase classname="test.TestClass1" name="test4" time="0.002"/>
  <system-out/>
  <testcase classname="test.TestClass1" name="test3" time="0.002"/>
  <system-out/>
  <testcase classname="test.TestClass1" name="test3" time="0.010"/>
  <system-out/>
  <testcase classname="test.TestClass1" name="test3" time="0.001"/>
  <system-out/>
  <testcase classname="test.TestClass1" name="test2" time="0.003"/>
  <system-out/>
  <testcase classname="test.TestClass1" name="test1" time="0.005"/>
  <system-out/>
</testsuite> <!-- test.TestClass1 -->
